<?xml version="1.0" encoding="UTF-8"?>
<!-- Generated by org.testng.reporters.JUnitReportReporter -->
<testsuite skipped="0" name="com.puma.test.Logintest" tests="1" failures="0" timestamp="03 May 2018 11:37:56 GMT" time="82.611" errors="0">
  <testcase name="verifiyProduct" time="82.611" classname="com.puma.test.Logintest"/>
</testsuite> <!-- com.puma.test.Logintest -->
